[0.000000] (-) TimerEvent: {}
[0.001769] (my_robot_controller) JobQueued: {'identifier': 'my_robot_controller', 'dependencies': OrderedDict()}
[0.002420] (my_robot_controller) JobStarted: {'identifier': 'my_robot_controller'}
[0.099205] (-) TimerEvent: {}
[0.199917] (-) TimerEvent: {}
[0.300638] (-) TimerEvent: {}
[0.401440] (-) TimerEvent: {}
[0.502138] (-) TimerEvent: {}
[0.602789] (-) TimerEvent: {}
[0.703462] (-) TimerEvent: {}
[0.804149] (-) TimerEvent: {}
[0.904834] (-) TimerEvent: {}
[1.005541] (-) TimerEvent: {}
[1.106550] (-) TimerEvent: {}
[1.207615] (-) TimerEvent: {}
[1.308790] (-) TimerEvent: {}
[1.409492] (-) TimerEvent: {}
[1.510229] (-) TimerEvent: {}
[1.610971] (-) TimerEvent: {}
[1.711675] (-) TimerEvent: {}
[1.812346] (-) TimerEvent: {}
[1.913036] (-) TimerEvent: {}
[2.013747] (-) TimerEvent: {}
[2.114451] (-) TimerEvent: {}
[2.215230] (-) TimerEvent: {}
[2.315945] (-) TimerEvent: {}
[2.416789] (-) TimerEvent: {}
[2.477045] (my_robot_controller) StderrLine: {'line': b'Traceback (most recent call last):\n  File "/usr/lib/python3/dist-packages/colcon_core/executor/__init__.py", line 91, in __call__\n    rc = await self.task(*args, **kwargs)\n  File "/usr/lib/python3/dist-packages/colcon_core/task/__init__.py", line 93, in __call__\n    return await task_method(*args, **kwargs)\n  File "/usr/lib/python3/dist-packages/colcon_ros/task/ament_python/build.py", line 102, in build\n    return await extension.build(additional_hooks=additional_hooks)\n  File "/usr/lib/python3/dist-packages/colcon_core/task/python/build.py", line 94, in build\n    available_commands = await self._get_available_commands(\n  File "/usr/lib/python3/dist-packages/colcon_core/task/python/build.py", line 192, in _get_available_commands\n    output = await check_output(\n  File "/usr/lib/python3/dist-packages/colcon_core/subprocess.py", line 129, in check_output\n    assert not rc, f\'Expected {args} to pass: {stderr_data}\'\nAssertionError: Expected [\'/usr/bin/python3\', \'-W\', \'ignore:setup.py install is deprecated\', \'setup.py\', \'--help-commands\'] to pass: Traceback (most recent call last):\n  File "/home/pi/ROS2-SLAM-PROJECT/ros2_ws/src/my_robot_controller/setup.py", line 5, in <module>\n    setup(\n  File "/home/pi/.local/lib/python3.10/site-packages/setuptools/__init__.py", line 153, in setup\n    return distutils.core.setup(**attrs)\n  File "/usr/lib/python3.10/distutils/core.py", line 134, in setup\n    ok = dist.parse_command_line()\n  File "/usr/lib/python3.10/distutils/dist.py", line 480, in parse_command_line\n    if self.handle_display_options(option_order):\n  File "/home/pi/.local/lib/python3.10/site-packages/setuptools/dist.py", line 994, in handle_display_options\n    return _Distribution.handle_display_options(self, option_order)\n  File "/usr/lib/python3.10/distutils/dist.py", line 683, in handle_display_options\n    self.print_commands()\n  File "/home/pi/.local/lib/python3.10/site-packages/setuptools/dist.py", line 764, in print_commands\n    cmdclass = ep.resolve()\n  File "/home/pi/.local/lib/python3.10/site-packages/pkg_resources/__init__.py", line 2456, in resolve\n    module = __import__(self.module_name, fromlist=[\'__name__\'], level=0)\n  File "/home/pi/.local/lib/python3.10/site-packages/setuptools/command/bdist_wininst.py", line 1, in <module>\n    import distutils.command.bdist_wininst as orig\nModuleNotFoundError: No module named \'distutils.command.bdist_wininst\'\n\n'}
[2.478848] (my_robot_controller) JobEnded: {'identifier': 'my_robot_controller', 'rc': 1}
[2.490330] (-) EventReactorShutdown: {}
